DEBUG:root:file_path test_examples/python_4.py
DEBUG:root:lang_to java
DEBUG:root:outfile_path test_examples/python_4_outfile.java
DEBUG:root:file_path test_examples/python_4_outfile.java
DEBUG:root:lang_to python
DEBUG:root:outfile_path test_examples/python_4_outfile.py
DEBUG:root:file_path test_examples/python_4.py
DEBUG:root:lang_to java
DEBUG:root:outfile_path python_4_outfile.java
DEBUG:root:file_path test_examples/python_4.[y
ERROR:root:File - test_examples/python_4.[y Does not exist
DEBUG:root:file_path test_examples/python_4.py
DEBUG:root:lang_to java
DEBUG:root:outfile_path test_examples/python_4_outfile.java
DEBUG:root:file_path test_examples/python_4.py
DEBUG:root:lang_to java
DEBUG:root:outfile_path test_examples/python_4_outfile.java
DEBUG:root:file_path test_examples/python_4.py
DEBUG:root:lang_to java
DEBUG:root:outfile_path test_examples/python_4_outfile.java
DEBUG:root:file_path test_examples/python_4.py
DEBUG:root:lang_to java
DEBUG:root:outfile_path test_examples/python_4_outfile.java
DEBUG:root:file_path test_examples/python_4_outfile.java
DEBUG:root:lang_to pythno
ERROR:root:Unsupported language pythno
DEBUG:root:lang_to python
DEBUG:root:outfile_path test_examples/python_4_outfile.py
DEBUG:root:file_path test_examples/python_4.py
DEBUG:root:lang_to java
DEBUG:root:outfile_path test_examples/python_4_outfile.java
DEBUG:root:file_path test_examples/python_4_outfile.java
DEBUG:root:lang_to python
DEBUG:root:outfile_path test_examples/python_4_outfile.p
ERROR:root:Extension and language don't match
DEBUG:root:outfile_path test_examples/python_4_outfile.py
DEBUG:root:file_path test_examples/python_4_outfile.java
DEBUG:root:lang_to python
DEBUG:root:outfile_path test_examples/python_4_outfile.py
DEBUG:root:file_path test_examples/python_4.py
DEBUG:root:lang_to python
DEBUG:root:outfile_path test_examples/python_4_outfile.py
DEBUG:root:file_path test_examples/python_4_outfile.java
DEBUG:root:lang_to python
DEBUG:root:outfile_path test_examples/python_4_outfile.py
DEBUG:root:file_path test_examples/python_4.py
DEBUG:root:lang_to python
ERROR:root:Language of file is same as to conversion language
DEBUG:root:lang_to asdf
ERROR:root:Unsupported language asdf
DEBUG:root:lang_to java
DEBUG:root:outfile_path test_examples/python_4_outfile.java
DEBUG:root:file_path test_examples/python_1.py
DEBUG:root:lang_to JaVa
DEBUG:root:outfile_path java.jaVa
DEBUG:root:file_path test_examples/java_1.java
DEBUG:root:lang_to CpP
DEBUG:root:outfile_path cpp.Cpp
DEBUG:root:file_path test_examples/cpp_1.cpp
DEBUG:root:lang_to C
DEBUG:root:outfile_path c.C
DEBUG:root:file_path test_examples/c_1.c
DEBUG:root:lang_to PytHOn
DEBUG:root:outfile_path python.pY
DEBUG:root:file_path test_examples/python_file_1
ERROR:root:File - test_examples/python_file_1 Does not exist
DEBUG:root:file_path python_file_1.py
ERROR:root:File - python_file_1.py Does not exist
DEBUG:root:file_path random_file.py
ERROR:root:File - random_file.py Does not exist
DEBUG:root:file_path test_examples/unsupported_file.format
ERROR:root:(None, 'Unsupported file extension .format')
ERROR:root:Unsupported file type
DEBUG:root:file_path test_examples/python_1.py
DEBUG:root:lang_to J.A.V.A
ERROR:root:Unsupported language J.A.V.A
DEBUG:root:lang_to My own language
ERROR:root:Unsupported language My own language
DEBUG:root:lang_to Ruby
ERROR:root:Unsupported language Ruby
DEBUG:root:lang_to Perl
ERROR:root:Unsupported language Perl
DEBUG:root:lang_to Python Console
ERROR:root:Unsupported language Python Console
DEBUG:root:lang_to python
DEBUG:root:outfile_path JaVa
ERROR:root:Extension and language don't match
DEBUG:root:outfile_path some file.random extension
ERROR:root:Extension and language don't match
DEBUG:root:outfile_path this name is completely.insane
ERROR:root:Extension and language don't match
DEBUG:root:outfile_path python.pY
DEBUG:root:file_path test_examples/python_1.py
DEBUG:root:lang_to JaVa
DEBUG:root:outfile_path java.jaVa
DEBUG:root:file_path test_examples/java_1.java
DEBUG:root:lang_to CpP
DEBUG:root:outfile_path cpp.Cpp
DEBUG:root:file_path test_examples/cpp_1.cpp
DEBUG:root:lang_to C
DEBUG:root:outfile_path c.C
DEBUG:root:file_path test_examples/c_1.c
DEBUG:root:lang_to PytHOn
DEBUG:root:outfile_path python.pY
DEBUG:root:file_path test_examples/python_1.py
DEBUG:root:lang_to JaVa
DEBUG:root:outfile_path java.jaVa
DEBUG:root:file_path test_examples/java_1.java
DEBUG:root:lang_to CpP
DEBUG:root:outfile_path cpp.Cpp
DEBUG:root:file_path test_examples/cpp_1.cpp
DEBUG:root:lang_to C
DEBUG:root:outfile_path c.C
DEBUG:root:file_path test_examples/c_1.c
DEBUG:root:lang_to PytHOn
DEBUG:root:outfile_path python.pY
DEBUG:root:file_path test_examples/python_file_1
ERROR:root:File - test_examples/python_file_1 Does not exist
DEBUG:root:file_path python_file_1.py
ERROR:root:File - python_file_1.py Does not exist
DEBUG:root:file_path random_file.py
ERROR:root:File - random_file.py Does not exist
DEBUG:root:file_path test_examples/unsupported_file.format
ERROR:root:(None, 'Unsupported file extension .format')
ERROR:root:Unsupported file type
DEBUG:root:file_path test_examples/python_1.py
DEBUG:root:lang_to J.A.V.A
ERROR:root:Unsupported language J.A.V.A
DEBUG:root:lang_to My own language
ERROR:root:Unsupported language My own language
DEBUG:root:lang_to Ruby
ERROR:root:Unsupported language Ruby
DEBUG:root:lang_to Perl
ERROR:root:Unsupported language Perl
DEBUG:root:lang_to Python Console
ERROR:root:Unsupported language Python Console
DEBUG:root:lang_to python
DEBUG:root:outfile_path JaVa
ERROR:root:Extension and language don't match
DEBUG:root:outfile_path some file.random extension
ERROR:root:Extension and language don't match
DEBUG:root:outfile_path this name is completely.insane
ERROR:root:Extension and language don't match
DEBUG:root:outfile_path python.pY
DEBUG:root:file_path test_examples/python_1.py
DEBUG:root:lang_to JaVa
DEBUG:root:outfile_path java.jaVa
DEBUG:root:file_path test_examples/java_1.java
DEBUG:root:lang_to CpP
DEBUG:root:outfile_path cpp.Cpp
DEBUG:root:file_path test_examples/cpp_1.cpp
DEBUG:root:lang_to C
DEBUG:root:outfile_path c.C
DEBUG:root:file_path test_examples/c_1.c
DEBUG:root:lang_to PytHOn
DEBUG:root:outfile_path python.pY
DEBUG:root:file_path test_examples/python_1.py
DEBUG:root:lang_to JaVa
DEBUG:root:outfile_path java.jaVa
DEBUG:root:file_path test_examples/java_1.java
DEBUG:root:lang_to CpP
DEBUG:root:outfile_path cpp.Cpp
DEBUG:root:file_path test_examples/cpp_1.cpp
DEBUG:root:lang_to C
DEBUG:root:outfile_path c.C
DEBUG:root:file_path test_examples/c_1.c
DEBUG:root:lang_to PytHOn
DEBUG:root:outfile_path python.pY
DEBUG:root:file_path test_examples/python_file_1
ERROR:root:File - test_examples/python_file_1 Does not exist
DEBUG:root:file_path python_file_1.py
ERROR:root:File - python_file_1.py Does not exist
DEBUG:root:file_path random_file.py
ERROR:root:File - random_file.py Does not exist
DEBUG:root:file_path test_examples/unsupported_file.format
ERROR:root:(None, 'Unsupported file extension .format')
ERROR:root:Unsupported file type
DEBUG:root:file_path test_examples/python_1.py
DEBUG:root:lang_to J.A.V.A
ERROR:root:Unsupported language J.A.V.A
DEBUG:root:lang_to My own language
ERROR:root:Unsupported language My own language
DEBUG:root:lang_to Ruby
ERROR:root:Unsupported language Ruby
DEBUG:root:lang_to Perl
ERROR:root:Unsupported language Perl
DEBUG:root:lang_to Python Console
ERROR:root:Unsupported language Python Console
DEBUG:root:lang_to python
DEBUG:root:outfile_path JaVa
ERROR:root:Extension and language don't match
DEBUG:root:outfile_path some file.random extension
ERROR:root:Extension and language don't match
DEBUG:root:outfile_path this name is completely.insane
ERROR:root:Extension and language don't match
DEBUG:root:outfile_path python.pY
DEBUG:root:file_path test_examples/python_1.py
DEBUG:root:lang_to JaVa
DEBUG:root:outfile_path java.jaVa
DEBUG:root:file_path test_examples/java_1.java
DEBUG:root:lang_to CpP
DEBUG:root:outfile_path cpp.Cpp
DEBUG:root:file_path test_examples/cpp_1.cpp
DEBUG:root:lang_to C
DEBUG:root:outfile_path c.C
DEBUG:root:file_path test_examples/c_1.c
DEBUG:root:lang_to PytHOn
DEBUG:root:outfile_path python.pY
DEBUG:root:file_path test_examples/python_file_1
ERROR:root:File - test_examples/python_file_1 Does not exist
DEBUG:root:file_path python_file_1.py
ERROR:root:File - python_file_1.py Does not exist
DEBUG:root:file_path random_file.py
ERROR:root:File - random_file.py Does not exist
DEBUG:root:file_path test_examples/unsupported_file.format
ERROR:root:(None, 'Unsupported file extension .format')
ERROR:root:Unsupported file type
DEBUG:root:file_path test_examples/python_1.py
DEBUG:root:lang_to J.A.V.A
ERROR:root:Unsupported language J.A.V.A
DEBUG:root:lang_to My own language
ERROR:root:Unsupported language My own language
DEBUG:root:lang_to Ruby
ERROR:root:Unsupported language Ruby
DEBUG:root:lang_to Perl
ERROR:root:Unsupported language Perl
DEBUG:root:lang_to Python Console
ERROR:root:Unsupported language Python Console
DEBUG:root:lang_to python
DEBUG:root:outfile_path JaVa
ERROR:root:Extension and language don't match
DEBUG:root:outfile_path some file.random extension
ERROR:root:Extension and language don't match
DEBUG:root:outfile_path this name is completely.insane
ERROR:root:Extension and language don't match
DEBUG:root:outfile_path python.pY
DEBUG:root:file_path test_examples/python_1.py
DEBUG:root:lang_to JaVa
DEBUG:root:outfile_path java.jaVa
DEBUG:root:file_path test_examples/java_1.java
DEBUG:root:lang_to CpP
DEBUG:root:outfile_path cpp.Cpp
DEBUG:root:file_path test_examples/cpp_1.cpp
DEBUG:root:lang_to C
DEBUG:root:outfile_path c.C
DEBUG:root:file_path test_examples/c_1.c
DEBUG:root:lang_to PytHOn
DEBUG:root:outfile_path python.pY
DEBUG:root:file_path test_examples/python_1.py
DEBUG:root:lang_to JaVa
DEBUG:root:outfile_path java.jaVa
DEBUG:root:file_path test_examples/java_1.java
DEBUG:root:lang_to CpP
DEBUG:root:outfile_path cpp.Cpp
DEBUG:root:file_path test_examples/cpp_1.cpp
DEBUG:root:lang_to C
DEBUG:root:outfile_path c.C
DEBUG:root:file_path test_examples/c_1.c
DEBUG:root:lang_to PytHOn
DEBUG:root:outfile_path python.pY
DEBUG:root:file_path test_examples/python_file_1
ERROR:root:File - test_examples/python_file_1 Does not exist
DEBUG:root:file_path python_file_1.py
ERROR:root:File - python_file_1.py Does not exist
DEBUG:root:file_path random_file.py
ERROR:root:File - random_file.py Does not exist
DEBUG:root:file_path test_examples/unsupported_file.format
ERROR:root:(None, 'Unsupported file extension .format')
ERROR:root:Unsupported file type
DEBUG:root:file_path test_examples/python_1.py
DEBUG:root:lang_to J.A.V.A
ERROR:root:Unsupported language J.A.V.A
DEBUG:root:lang_to My own language
ERROR:root:Unsupported language My own language
DEBUG:root:lang_to Ruby
ERROR:root:Unsupported language Ruby
DEBUG:root:lang_to Perl
ERROR:root:Unsupported language Perl
DEBUG:root:lang_to Python Console
ERROR:root:Unsupported language Python Console
DEBUG:root:lang_to python
DEBUG:root:outfile_path JaVa
ERROR:root:Extension and language don't match
DEBUG:root:outfile_path some file.random extension
ERROR:root:Extension and language don't match
DEBUG:root:outfile_path this name is completely.insane
ERROR:root:Extension and language don't match
DEBUG:root:outfile_path python.pY
DEBUG:root:file_path test_examples/python_1.py
DEBUG:root:lang_to JaVa
DEBUG:root:outfile_path java.jaVa
DEBUG:root:file_path test_examples/java_1.java
DEBUG:root:lang_to CpP
DEBUG:root:outfile_path cpp.Cpp
DEBUG:root:file_path test_examples/cpp_1.cpp
DEBUG:root:lang_to C
DEBUG:root:outfile_path c.C
DEBUG:root:file_path test_examples/c_1.c
DEBUG:root:lang_to PytHOn
DEBUG:root:outfile_path python.pY
DEBUG:root:file_path test_examples/python_file_1
ERROR:root:File - test_examples/python_file_1 Does not exist
DEBUG:root:file_path python_file_1.py
ERROR:root:File - python_file_1.py Does not exist
DEBUG:root:file_path random_file.py
ERROR:root:File - random_file.py Does not exist
DEBUG:root:file_path test_examples/unsupported_file.format
ERROR:root:(None, 'Unsupported file extension .format')
ERROR:root:Unsupported file type
DEBUG:root:file_path test_examples/python_1.py
DEBUG:root:lang_to J.A.V.A
ERROR:root:Unsupported language J.A.V.A
DEBUG:root:lang_to My own language
ERROR:root:Unsupported language My own language
DEBUG:root:lang_to Ruby
ERROR:root:Unsupported language Ruby
DEBUG:root:lang_to Perl
ERROR:root:Unsupported language Perl
DEBUG:root:lang_to Python Console
ERROR:root:Unsupported language Python Console
DEBUG:root:lang_to python
DEBUG:root:outfile_path JaVa
DEBUG:root:file_path test_examples/python_1.py
DEBUG:root:lang_to JaVa
DEBUG:root:file_path test_examples/python_1.py
DEBUG:root:lang_to JaVa
DEBUG:root:file_path test_examples/python_1.py
DEBUG:root:lang_to java
DEBUG:root:outfile_path test_examples/python_1_outfile.java
DEBUG:root:file_path test_examples/python_2.py
DEBUG:root:lang_to java
DEBUG:root:outfile_path test_examples/python_2_outfile.java
DEBUG:root:file_path test_examples/python_3.py
DEBUG:root:lang_to java
DEBUG:root:outfile_path test_examples/python_3_outfile.java
DEBUG:root:file_path test_examples/python_4.py
DEBUG:root:lang_to java
DEBUG:root:outfile_path test_examples/python_4_outfile.java
